0:100  0:100  MemLog inited, TSC freq: 2494332924
0:100  0:000  
0:100  0:000  Now is 30.4.2016,  7:52:11 (GMT)
0:100  0:000  Starting Clover rev 3489 on INSYDE Corp. EFI
0:100  0:000  Build with: [Args: ./ebuild.sh | Command: build -D USE_LOW_EBDA -p Clover/Clover.dsc -a X64 -b RELEASE -t XCODE5 -n 5 | OS: 10.11.5 | XCODE: 7.3]
0:100  0:000  SelfDevicePath=PciRoot(0x0)\Pci(0x1F,0x2)\Sata(0x0,0x0,0x0)\HD(1,GPT,57FABE9F-8077-4464-B737-A45827764371,0x28,0x64000) @A401EB18
0:100  0:000  SelfDirPath = \EFI\BOOT
0:102  0:002  Total Memory Slots Count = 2
0:102  0:000  Type 17 Index = 0
0:102  0:000  SmbiosTable.Type17->Speed = 1600MHz
0:102  0:000  SmbiosTable.Type17->Size = 4096MB
0:102  0:000  SmbiosTable.Type17->Bank/Device = BANK 0 DIMM0
0:102  0:000  SmbiosTable.Type17->Vendor = Unknown
0:102  0:000  SmbiosTable.Type17->SerialNumber = 00000000
0:102  0:000  SmbiosTable.Type17->PartNumber = Team-Elite-1600   
0:102  0:000  Type 17 Index = 1
0:102  0:000  SmbiosTable.Type17->Speed = 1600MHz
0:102  0:000  SmbiosTable.Type17->Size = 4096MB
0:102  0:000  SmbiosTable.Type17->Bank/Device = BANK 2 DIMM1
0:102  0:000  SmbiosTable.Type17->Vendor = Hynix
0:102  0:000  SmbiosTable.Type17->SerialNumber = 3243C72E
0:102  0:000  SmbiosTable.Type17->PartNumber = HMT451S6MFR8C-PB  
0:102  0:000  Boot status=0
0:102  0:000  Clover revision: 3489  running on Aspire EC-471G
0:102  0:000  ... with board EA40_HC
0:102  0:000  CPU Vendor = 756E6547 Model=306A9
0:102  0:000  got cores from CPUID_1 = 0
0:102  0:000  The CPU supported turbo
0:102  0:000  BrandString = Intel(R) Core(TM) i5-3210M CPU @ 2.50GHz
0:102  0:000  MSR 0xE2 before patch 1E008404
0:102  0:000  MSR 0xE2 is locked, PM patches will be turned on
0:102  0:000  MSR 0xE4              00020414
0:102  0:000  MSR 0xCE              00080C10_E0011900
0:102  0:000  non-usable FLEX_RATIO = 110000
0:102  0:000  corrected FLEX_RATIO = 100000
0:102  0:000  MSR 0x1B0             00000000
0:102  0:000  FSBFrequency=100MHz DMIvalue=100000kHz
0:102  0:000  Corrected FSBFrequency=100MHz
0:102  0:000  Vendor/Model/Stepping: 0x756E6547/0x3A/0x9
0:102  0:000  Family/ExtFamily: 0x6/0x0
0:102  0:000  MaxDiv/MinDiv: 25.0/12
0:102  0:000  Turbo: 29/29/29/31
0:102  0:000  Features: 0xBFEBFBFF
0:102  0:000  Threads: 4
0:102  0:000  Cores: 2
0:102  0:000  FSB: 100 MHz
0:102  0:000  CPU: 2500 MHz
0:102  0:000  TSC: 2500 MHz
0:102  0:000  PIS: 400 MHz
0:102  0:000  PCI (00|00:00.00) : 8086 0154 class=060000
0:102  0:000  PCI (00|00:02.00) : 8086 0166 class=030000
0:102  0:000  Found GFX model=Intel HD Graphics 4000
0:102  0:000  PCI (00|00:16.00) : 8086 1E3A class=078000
0:102  0:000  PCI (00|00:1A.00) : 8086 1E2D class=0C0320
0:102  0:000  PCI (00|00:1B.00) : 8086 1E20 class=040300
0:102  0:000  PCI (00|00:1C.00) : 8086 1E10 class=060400
0:102  0:000  PCI (00|00:1C.02) : 8086 1E14 class=060400
0:102  0:000  PCI (00|04:00.00) : 10EC 5289 class=FF0000
0:102  0:000  PCI (00|04:00.02) : 10EC 8168 class=020000
0:102  0:000  LAN 0, Vendor=10EC, MMIO=2000
0:102  0:000  PCI (00|00:1C.07) : 8086 1E1E class=060400
0:102  0:000  PCI (00|09:00.00) : 168C 0032 class=028000
0:102  0:000  PCI (00|00:1D.00) : 8086 1E26 class=0C0320
0:102  0:000  PCI (00|00:1F.00) : 8086 1E57 class=060100
0:102  0:000  PCI (00|00:1F.02) : 8086 1E03 class=010601
0:102  0:000  PCI (00|00:1F.03) : 8086 1E22 class=0C0500
0:102  0:000  PCI (00|00:1F.06) : FFFF FFFF class=FFFFFF
0:102  0:000  Clover load options size = 2 bytes
0:102  0:000  Found Plist String = , parse XML in LoadOptions
0:102  0:000  Xml in load options is bad
0:107  0:004  Using OEM config.plist at path: EFI\CLOVER\config.plist
0:107  0:000  EFI\CLOVER\config.plist loaded: Success
0:110  0:003  Found theme directory: ios7
0:112  0:002  Loading early settings
0:112  0:000  timeout set to 10
0:112  0:000  Custom boot CUSTOM_BOOT_DISABLED (0x0)
0:112  0:000  ForceKextsToLoad: 1 requested
0:112  0:000  ForceKextsToLoad 0: System\Library\Extensions\IONetworkingFamily.kext
0:112  0:000  KextsToPatch: 8 requested
0:112  0:000  KextsToPatch 0: AppleHDA (10.9-10.11-AppleHDA/Realtek ALC269) Kext bin patch, data len: 4
0:112  0:000  KextsToPatch 1: disabled:IOGraphicsFamily (Boot graphics glitch, 10.10.2/10.10.3) Kext bin patch, data len: 5
0:112  0:000  KextsToPatch 2: disabled:IOGraphicsFamily (Boot graphics glitch, 10.10.x/10.11.x (credit lisai9093, cecekpawon)) Kext bin patch, data len: 5
0:112  0:000  KextsToPatch 3: disabled:AppleIntelFramebufferCapri (HDMI-audio HD4000 0x01660003, port 0205) Kext bin patch, data len: 12
0:112  0:000  KextsToPatch 4: AppleHDA (AppleHDA/Resources/xml>zml) Kext bin patch, data len: 6
0:112  0:000  KextsToPatch 5: disabled:AppleIntelFramebufferCapri (HDMI-audio HD4000 0x01660003, port 0406) Kext bin patch, data len: 12
0:112  0:000  KextsToPatch 6: disabled:AppleIntelFramebufferCapri (HDMI-audio HD4000 0x01660003, port 0304) Kext bin patch, data len: 12
0:112  0:000  KextsToPatch 7: disabled:IOAHCIBlockStorage (Enable TRIM for SSD) Kext bin patch, data len: 11
0:112  0:000  Default theme: Bluemac
0:112  0:000  ** Warning: unknown custom entry Type 'Other'
0:112  0:000  LoadDrivers() start
0:117  0:005  Loading FSInject-64.efi  status=Success
0:120  0:002  Loading OsxFatBinaryDrv-64.efi  status=Success
0:121  0:001  Loading VBoxHfs-64.efi  status=Success
0:122  0:000   - driver needs connecting
0:122  0:000  Loading CsmVideoDxe-64.efi  status=Success
0:129  0:007   - driver needs connecting
0:134  0:004  Loading DataHubDxe-64.efi  status=Success
0:134  0:000  Loading EmuVariableUefi-64.efi  status=Success
0:135  0:001  EmuVariableUefi Initialize: VariableCommonInitialize = Success, orig services stored, install gEmuVariableControlProtocolGuid = Success
0:136  0:000  Loading OsxAptioFix2Drv-64.efi  status=Success
0:136  0:000  Loading PartitionDxe-64.efi  status=Success
0:137  0:001   - driver needs connecting
0:147  0:009  Loading NTFS.efi  status=Success
0:149  0:002   - driver needs connecting
0:149  0:000  4 drivers needs connecting ...
0:149  0:000  PlatformDriverOverrideProtocol not found. Installing ... Success
0:149  0:000  Partition driver loaded: 
0:149  0:000  Video driver loaded: disconnect Success
0:490  0:341  Searching for invalid DiskIo BY_DRIVER connects:
0:490  0:000   - Handle A401A818 with DiskIo, is Partition, no Fs, BY_DRIVER Agent: A3E95818, Disconnect: Success
1:599  1:108  LoadDrivers() end
1:599  0:000  EmuVariable InstallEmulation: orig vars copied, emu.var.services installed, CreateEvent VirtualAddressChange = Success, CreateEvent ExitBootServices = Success, set Status=Success
1:606  0:007  Console modes reported: 4, available modes:
1:606  0:000    Mode 1: 80x25
1:606  0:000    Mode 3: 100x31
1:606  0:000    Mode 4: 170x40 (current mode)
1:606  0:000  SetScreenResolution: 1366x768 - already set
1:624  0:017  reinit: self device path=PciRoot(0x0)\Pci(0x1F,0x2)\Sata(0x0,0x0,0x0)\HD(1,GPT,57FABE9F-8077-4464-B737-A45827764371,0x28,0x64000)
1:624  0:000   get legacy LAN MAC, 1 card found
1:624  0:000  Legacy MAC address of LAN #0= 08:9E:01:9B:AC:09:
1:624  0:000  ScanSPD() start
1:624  0:000  SMBus CmdReg: 0x3
1:624  0:000  Scanning SMBus [8086:1E22], mmio: 0xC0705004, ioport: 0x3040, hostc: 0x1
1:624  0:000  Slots to scan [8]...
1:625  0:000  SPD[0]: Type 11 @0x50 
1:643  0:018  Not using XMP because it is not present
1:643  0:000  DDR speed 1600MHz 
1:643  0:000  Slot: 0 Type 24 4096MB 1600MHz Vendor=Team Group PartNo=Team-Elite-1600 SerialNo=0000000000000000 
1:644  0:000  SPD[2]: Type 11 @0x52 
1:663  0:019  Not using XMP because it is not present
1:663  0:000  DDR speed 1600MHz 
1:663  0:000  Slot: 2 Type 24 4096MB 1600MHz Vendor=Hynix Semiconductor PartNo=HMT451S6MFR8C-PBN0 SerialNo=030204030C07020E 
1:664  0:000  ScanSPD() end
1:664  0:000  Get Acpi Tables List from RSDT:
1:664  0:000   Found table: FACP  ACRPRDCT len=268
1:664  0:000   Found table: UEFI  ACRPRDCT len=566
1:664  0:000   Found table: ASF!  ACRPRDCT len=165
1:664  0:000   Found table: HPET  ACRPRDCT len=56
1:664  0:000   Found table: APIC  ACRPRDCT len=140
1:664  0:000   Found table: MCFG  ACRPRDCT len=60
1:664  0:000   Found table: WDAT  ACRPRDCT len=548
1:664  0:000   Found table: SSDT  ACRPRDCT len=4200
1:664  0:000   Found table: BOOT  ACRPRDCT len=40
1:664  0:000   Found table: ASPT  ACRPRDCT len=52
1:664  0:000   Found table: FPDT  ACRPRDCT len=68
1:664  0:000   Found table: SSDT  ACRPRDCT len=2408
1:664  0:000   Found table: SSDT  ACRPRDCT len=2706
1:664  0:000   Found table: SSDT  ACRPRDCT len=727
1:664  0:000   Found table: SSDT  ACRPRDCT len=840
1:664  0:000   Found table: BGRT  ACRPRDCT len=56
1:664  0:000  Calibrated TSC frequency =2494332924 =2494MHz
1:664  0:000  Loading main settings
1:664  0:000  USB FixOwnership: true
1:664  0:000  Config set Fixes will override FixMask mask!
1:664  0:000     final mask=9FA8C9FB
1:664  0:000  Config set EnableC7: +
1:664  0:000  Config set EnableC6: +
1:664  0:000  Config set EnableC4: +
1:664  0:000  Config set EnableC2: +
1:664  0:000  Config set PluginType=1
1:664  0:000  Config set ChassisType=0x8
1:668  0:003  found 10 volumes with blockIO
1:668  0:000   0. Volume:
1:668  0:000    PciRoot(0x0)\Pci(0x1F,0x2)\Sata(0x0,0x0,0x0)
1:669  0:000   1. Volume:
1:669  0:000    PciRoot(0x0)\Pci(0x1F,0x2)\Sata(0x5,0x0,0x0)
1:685  0:016    Result of bootcode detection: bootable unknown (legacy)
1:685  0:000   2. Volume:
1:686  0:000    PciRoot(0x0)\Pci(0x1F,0x2)\Sata(0x0,0x0,0x0)\HD(1,GPT,57FABE9F-8077-4464-B737-A45827764371,0x28,0x64000)
1:686  0:000    Result of bootcode detection: bootable unknown (legacy)
1:686  0:000    This is SelfVolume !!
1:686  0:000   3. Volume:
1:686  0:000    PciRoot(0x0)\Pci(0x1F,0x2)\Sata(0x0,0x0,0x0)\HD(2,GPT,A5276523-2B78-4010-A58A-87561A95DAAF,0x64028,0x7456CE40)
1:686  0:000   4. Volume:
1:686  0:000    PciRoot(0x0)\Pci(0x1F,0x2)\Sata(0x0,0x0,0x0)\HD(3,GPT,B7723CE2-9ED3-4D13-A64E-30A413D1DC7E,0x745D0E68,0x135F20)
1:687  0:000   5. Volume:
1:687  0:000    PciRoot(0x0)\Pci(0x1F,0x2)\Sata(0x5,0x0,0x0)\HD(1,MBR,0x9D6230C2,0x800,0x12C00800)
1:693  0:006    Result of bootcode detection: bootable Windows (vista,win)
1:693  0:000   6. Volume:
1:693  0:000    PciRoot(0x0)\Pci(0x1F,0x2)\Sata(0x5,0x0,0x0)\HD(2,MBR,0x9D6230C2,0x12C01000,0x27785000)
1:713  0:020   7. Volume:
1:713  0:000    PciRoot(0x0)\Pci(0x1F,0x2)\Sata(0x5,0x0,0x0)\HD(2,MBR,0x9D6230C2,0x12C01000,0x27785000)\HD(1,MBR,0x00000000,0x12C01800,0x12C00800)
1:723  0:009    Result of bootcode detection: bootable Windows (vista,win)
1:723  0:000   8. Volume:
1:723  0:000    PciRoot(0x0)\Pci(0x1F,0x2)\Sata(0x5,0x0,0x0)\HD(2,MBR,0x9D6230C2,0x12C01000,0x27785000)\HD(2,MBR,0x00000000,0x25802800,0x6400800)
1:723  0:000    Result of bootcode detection: bootable Windows (vista,win)
1:723  0:000   9. Volume:
1:723  0:000    PciRoot(0x0)\Pci(0x1F,0x2)\Sata(0x5,0x0,0x0)\HD(2,MBR,0x9D6230C2,0x12C01000,0x27785000)\HD(3,MBR,0x00000000,0x2BC03800,0xE782800)
1:724  0:000    Result of bootcode detection: bootable Windows (vista,win)
1:888  0:163  PutNvramPlistToRtVars: nvram.plist not found
1:888  0:000  GlobalConfig: theme.plist not found, get random theme ios7
1:888  0:000  Using theme 'ios7' (EFI\CLOVER\themes\ios7)
1:888  0:000  OS main and drive as badge
1:892  0:003  Choosing theme ios7
1:892  0:000  Custom entries start
1:892  0:000  Custom entry 0 skipped because it is disabled.
1:892  0:000  Custom entries finish
1:892  0:000  Scanning loaders...
1:892  0:000   0: 'Whole Disc Boot' no file system
1:892  0:000   1: 'Whole Disc Boot' no file system
1:892  0:000   2: 'EFI'
1:911  0:019   3: 'osx'
1:914  0:002      AddLoaderEntry for Volume Name=osx
1:914  0:000      Not match custom entry 0: Type: not match
1:916  0:001      Check if volume Is Hibernated:
1:916  0:000      Check sleep image 'by signature':
1:919  0:003      read prefs \Library\Preferences\SystemConfiguration\com.apple.PowerManagement.plist status=Success
1:920  0:000      SleepImage name from pref: ImageVolume = 'osx', ImageName = '\private\var\vm\sleepimage'
1:922  0:002      Reading first 512 bytes of sleepimage ...
1:923  0:000   OurBlockIoRead: Lba=17E30268, Offset=2FC604D000 (BlockSize=512)
1:923  0:000   sig lion: 0
1:923  0:000   sig snow: 0
1:923  0:000   no valid sleep image offset was found
1:923  0:000      Reading completed -> Success
1:923  0:000       sleepimage offset could not be acquired
1:923  0:000       hibernated: no - sign
1:938  0:015   4: 'Recovery HD'
1:938  0:000      AddLoaderEntry for Volume Name=Recovery HD
1:938  0:000      Not match custom entry 0: Type: not match
1:952  0:014   5: '64WinXP '
2:014  0:061      AddLoaderEntry for Volume Name=64WinXP 
2:014  0:000      Not match custom entry 0: Type: not match
2:029  0:015   6: 'Legacy HD2' no file system
2:029  0:000   7: 'soft'
2:048  0:019   8: 'word'
2:085  0:036   9: 'gamepower'
2:107  0:022  Custom legacy start
2:107  0:000  Custom legacy end
2:107  0:000  Scanning legacy ...
2:107  0:000   0: 'Whole Disc Boot' (legacy) not legacy
2:107  0:000   1: 'Whole Disc Boot' (legacy) not legacy
2:107  0:000   2: 'EFI' (legacy) not legacy
2:107  0:000   3: 'osx' (legacy) not legacy
2:107  0:000   4: 'Recovery HD' (legacy) not legacy
2:107  0:000   5: '64WinXP ' (vista,win) add legacy
2:108  0:000   added 'Boot Windows from 64WinXP ' OSType=2 Icon=vista,win
2:108  0:000   6: 'Legacy HD2' (legacy) not legacy
2:108  0:000   7: 'soft' (vista,win) add legacy
2:109  0:000   added 'Boot Windows from soft' OSType=2 Icon=vista,win
2:109  0:000   8: 'word' (vista,win) add legacy
2:110  0:000   added 'Boot Windows from word' OSType=2 Icon=vista,win
2:110  0:000   9: 'gamepower' (vista,win) add legacy
2:111  0:000   added 'Boot Windows from gamepower' OSType=2 Icon=vista,win
2:111  0:000  Custom tool start
2:111  0:000  Custom tool end
2:112  0:000  found tool \EFI\CLOVER\tools\Shell64U.efi
2:112  0:000  Checking EFI partition Volume 2 for Clover
2:112  0:000   Found Clover
2:112  0:000  EmuVariable UninstallEmulation: CloseEvent = Success, original var services restored
2:113  0:000  EmuVariable InstallEmulation: orig vars copied, emu.var.services installed, CreateEvent VirtualAddressChange = Success, CreateEvent ExitBootServices = Success, set Status=Success
2:121  0:007  GetEfiBootDeviceFromNvram: efi-boot-device-data not found
2:121  0:000  EfiBootVolume not found
2:121  0:000  Default boot entry not found
2:121  0:000  EmuVariable UninstallEmulation: CloseEvent = Success, original var services restored
2:121  0:000  DefaultIndex=-1 and MainMenu.EntryCount=13
2:337  0:216  GUI ready
